<?xml version="1.0" encoding="UTF-8"?>
<!-- Generated by org.testng.reporters.JUnitReportReporter -->
<testsuite skipped="0" hostname="LAINPU1502-0009" name="com.OrangeHRM.SauceLabTest" tests="1" failures="0" timestamp="2020-12-23T15:37:56 IST" time="24.642" errors="0">
  <testcase name="SauceLab_Example" time="24.642" classname="com.OrangeHRM.SauceLabTest"/>
</testsuite> <!-- com.OrangeHRM.SauceLabTest -->
