<?xml version="1.0" encoding="UTF-8"?>
<!-- Generated by org.testng.reporters.JUnitReportReporter -->
<testsuite skipped="0" hostname="LAINPU1502-0009" name="com.OrangeHRM.CrossBrowser" tests="1" failures="0" timestamp="2020-12-17T11:38:39 IST" time="11.627" errors="0">
  <testcase name="OrangeHRM_Login" time="11.627" classname="com.OrangeHRM.CrossBrowser"/>
</testsuite> <!-- com.OrangeHRM.CrossBrowser -->
