<?xml version="1.0" encoding="UTF-8"?>
<!-- Generated by org.testng.reporters.JUnitReportReporter -->
<testsuite skipped="0" hostname="LAINPU1502-0009" name="com.OrangeHRM.Crossbrowser2" tests="2" failures="0" timestamp="2020-12-17T12:00:05 IST" time="39.613" errors="0">
  <testcase name="ChromeTest" time="17.907" classname="com.OrangeHRM.Crossbrowser2"/>
  <testcase name="FirefoxTest" time="21.706" classname="com.OrangeHRM.Crossbrowser2"/>
</testsuite> <!-- com.OrangeHRM.Crossbrowser2 -->
