<?xml version="1.0" encoding="UTF-8"?>
<!-- Generated by org.testng.reporters.JUnitReportReporter -->
<testsuite skipped="0" hostname="LAINPU1502-0009" name="com.OrangeHRM.DesiredCapExample" tests="1" failures="0" timestamp="2020-12-17T12:41:31 IST" time="15.657" errors="0">
  <testcase name="openApplication" time="15.657" classname="com.OrangeHRM.DesiredCapExample"/>
</testsuite> <!-- com.OrangeHRM.DesiredCapExample -->
