<?xml version="1.0" encoding="UTF-8"?>
<!-- Generated by org.testng.reporters.JUnitReportReporter -->
<testsuite skipped="0" hostname="LAINPU1502-0009" name="com.OrangeHRM.Execute_JavaScript_CaptureScrapeData" tests="1" failures="0" timestamp="2020-12-22T12:07:14 IST" time="9.376" errors="0">
  <testcase name="GetURL_Domain_Title" time="9.376" classname="com.OrangeHRM.Execute_JavaScript_CaptureScrapeData"/>
</testsuite> <!-- com.OrangeHRM.Execute_JavaScript_CaptureScrapeData -->
