<?xml version="1.0" encoding="UTF-8"?>
<!-- Generated by org.testng.reporters.JUnitReportReporter -->
<testsuite skipped="0" hostname="LAINPU1502-0009" name="com.OrangeHRM.Sikuli_Integration_Example" tests="1" failures="0" timestamp="2020-12-22T11:12:56 IST" time="56.805" errors="0">
  <testcase name="FileUpload_UsingSikuli" time="56.805" classname="com.OrangeHRM.Sikuli_Integration_Example"/>
</testsuite> <!-- com.OrangeHRM.Sikuli_Integration_Example -->
