<?xml version="1.0" encoding="UTF-8"?>
<!-- Generated by org.testng.reporters.JUnitReportReporter -->
<testsuite skipped="0" hostname="LAINPU1502-0009" name="com.OrangeHRM.HeadlessExample" tests="1" failures="0" timestamp="2020-12-17T12:40:18 IST" time="11.417" errors="0">
  <testcase name="Chrome_Headless" time="11.417" classname="com.OrangeHRM.HeadlessExample"/>
</testsuite> <!-- com.OrangeHRM.HeadlessExample -->
