<?xml version="1.0" encoding="UTF-8"?>
<!-- Generated by org.testng.reporters.JUnitReportReporter -->
<testsuite skipped="0" hostname="LAINPU1502-0009" name="com.OrangeHRM.LoginAllScenarios" tests="3" failures="0" timestamp="2020-12-17T10:21:46 IST" time="4.004" errors="0">
  <testcase name="LoginAllCases" time="1.711" classname="com.OrangeHRM.LoginAllScenarios"/>
  <testcase name="LoginAllCases" time="1.193" classname="com.OrangeHRM.LoginAllScenarios"/>
  <testcase name="LoginAllCases" time="1.100" classname="com.OrangeHRM.LoginAllScenarios"/>
</testsuite> <!-- com.OrangeHRM.LoginAllScenarios -->
