<?xml version="1.0" encoding="UTF-8"?>
<!-- Generated by org.testng.reporters.JUnitReportReporter -->
<testsuite skipped="0" hostname="LAINPU1502-0009" name="com.OrangeHRM.Mobile_Browser_View_Flight_Login" tests="1" failures="0" timestamp="2020-12-22T12:36:22 IST" time="11.185" errors="0">
  <testcase name="SignOn" time="11.185" classname="com.OrangeHRM.Mobile_Browser_View_Flight_Login"/>
</testsuite> <!-- com.OrangeHRM.Mobile_Browser_View_Flight_Login -->
