<?xml version="1.0" encoding="UTF-8"?>
<!-- Generated by org.testng.reporters.JUnitReportReporter -->
<testsuite skipped="0" hostname="LAINPU1502-0009" name="com.OrangeHRM.LoginParameters" tests="3" failures="0" timestamp="2020-12-17T11:26:24 IST" time="37.642" errors="0">
  <testcase name="Login" time="13.863" classname="com.OrangeHRM.LoginParameters"/>
  <testcase name="Login" time="11.969" classname="com.OrangeHRM.LoginParameters"/>
  <testcase name="Login" time="11.810" classname="com.OrangeHRM.LoginParameters"/>
</testsuite> <!-- com.OrangeHRM.LoginParameters -->
